<?xml version="1.0" encoding="UTF-8"?>
<!-- Generated by org.testng.reporters.JUnitReportReporter -->
<testsuite hostname="DESKTOP-O2IJ1P6" failures="0" tests="1" name="api_Testing.LoginTest" time="4.104" errors="0" timestamp="2023-11-27T20:23:06 PST" skipped="0">
  <testcase classname="api_Testing.LoginTest" name="loginTest_03" time="4.104"/>
</testsuite> <!-- api_Testing.LoginTest -->
